#
# A fatal error has been detected by the Java Runtime Environment:
#
#  EXCEPTION_ACCESS_VIOLATION (0xc0000005) at pc=0x10004166, pid=4580, tid=7004
#
# JRE version: 6.0_23-b05
# Java VM: Java HotSpot(TM) Client VM (19.0-b09 mixed mode, sharing windows-x86 )
# Problematic frame:
# C  [GvOsd.dll+0x4166]
#
# If you would like to submit a bug report, please visit:
#   http://java.sun.com/webapps/bugreport/crash.jsp
#

---------------  T H R E A D  ---------------

Current thread (0x01a4d400):  VMThread [stack: 0x03c20000,0x03c70000] [id=7004]

siginfo: ExceptionCode=0xc0000005, writing address 0x04934260

Registers:
EAX=0x04934260, EBX=0x00000000, ECX=0x640667c9, EDX=0x640667f2
ESP=0x03c6fa84, EBP=0x03c6fae8, ESI=0x10021790, EDI=0x00000001
EIP=0x10004166, EFLAGS=0x00010202

Register to memory mapping:

EAX=0x04934260

[error occurred during error reporting (printing registers, top of stack, instructions near pc), id 0xc0000005]

Stack: [0x03c20000,0x03c70000],  sp=0x03c6fa84,  free space=318k
Native frames: (J=compiled Java code, j=interpreted, Vv=VM code, C=native code)
C  [GvOsd.dll+0x4166]
C  [GvOsd.dll+0x124c2]
C  [ntdll.dll+0x63852]
C  [ntdll.dll+0x637c5]
C  [kernel32.dll+0x52ae4]
C  [msvcr71.dll+0x8d04]
C  [msvcr71.dll+0x8d11]
V  [jvm.dll+0x203ded]
V  [jvm.dll+0x20310e]
V  [jvm.dll+0x203430]
V  [jvm.dll+0x203832]
V  [jvm.dll+0x18843c]
C  [msvcr71.dll+0x9565]
C  [kernel32.dll+0x51174]
C  [ntdll.dll+0x5b3f5]
C  [ntdll.dll+0x5b3c8]

VM_Operation (0x0430f560): Exit, mode: safepoint, requested by thread 0x01af6c00


---------------  P R O C E S S  ---------------

Java Threads: ( => current thread )
  0x00599000 JavaThread "DestroyJavaVM" [_thread_blocked, id=3480, stack(0x00500000,0x00550000)]
  0x01af6c00 JavaThread "AWT-EventQueue-0" [_thread_blocked, id=5740, stack(0x042c0000,0x04310000)]
  0x01aea800 JavaThread "AWT-Shutdown" [_thread_blocked, id=304, stack(0x04100000,0x04150000)]
  0x01ae7c00 JavaThread "Java2D Disposer" daemon [_thread_blocked, id=3292, stack(0x03ea0000,0x03ef0000)]
  0x01a9c400 JavaThread "Low Memory Detector" daemon [_thread_blocked, id=7696, stack(0x03e00000,0x03e50000)]
  0x01a97400 JavaThread "CompilerThread0" daemon [_thread_blocked, id=5892, stack(0x03db0000,0x03e00000)]
  0x01a96400 JavaThread "Attach Listener" daemon [_thread_blocked, id=7916, stack(0x03d60000,0x03db0000)]
  0x01a93400 JavaThread "Signal Dispatcher" daemon [_thread_blocked, id=6100, stack(0x03d10000,0x03d60000)]
  0x01a4fc00 JavaThread "Finalizer" daemon [_thread_blocked, id=3744, stack(0x03cc0000,0x03d10000)]
  0x01a4e800 JavaThread "Reference Handler" daemon [_thread_blocked, id=6516, stack(0x03c70000,0x03cc0000)]

Other Threads:
=>0x01a4d400 VMThread [stack: 0x03c20000,0x03c70000] [id=7004]

VM state:at safepoint (shutting down)

VM Mutex/Monitor currently owned by a thread:  ([mutex/lock_event])
[0x00597548] Threads_lock - owner thread: 0x01a4d400

Heap
 def new generation   total 4928K, used 3573K [0x23b00000, 0x24050000, 0x29050000)
  eden space 4416K,  80% used [0x23b00000, 0x23e7d7b8, 0x23f50000)
  from space 512K,   0% used [0x23f50000, 0x23f50000, 0x23fd0000)
  to   space 512K,   0% used [0x23fd0000, 0x23fd0000, 0x24050000)
 tenured generation   total 10944K, used 0K [0x29050000, 0x29b00000, 0x33b00000)
   the space 10944K,   0% used [0x29050000, 0x29050000, 0x29050200, 0x29b00000)
 compacting perm gen  total 12288K, used 1268K [0x33b00000, 0x34700000, 0x37b00000)
   the space 12288K,  10% used [0x33b00000, 0x33c3d130, 0x33c3d200, 0x34700000)
    ro space 10240K,  54% used [0x37b00000, 0x3807c6b0, 0x3807c800, 0x38500000)
    rw space 12288K,  55% used [0x38500000, 0x38ba01f0, 0x38ba0200, 0x39100000)

Dynamic libraries:
0x00400000 - 0x00424000 	C:\Program Files\Java\jdk1.6.0_23\bin\java.exe
0x775b0000 - 0x776ec000 	C:\Windows\SYSTEM32\ntdll.dll
0x77190000 - 0x77264000 	C:\Windows\system32\kernel32.dll
0x75840000 - 0x7588a000 	C:\Windows\system32\KERNELBASE.dll
0x76290000 - 0x76330000 	C:\Windows\system32\ADVAPI32.dll
0x760c0000 - 0x7616c000 	C:\Windows\system32\msvcrt.dll
0x75c90000 - 0x75ca9000 	C:\Windows\SYSTEM32\sechost.dll
0x77730000 - 0x777d1000 	C:\Windows\system32\RPCRT4.dll
0x7c340000 - 0x7c396000 	C:\Program Files\Java\jdk1.6.0_23\jre\bin\msvcr71.dll
0x6d8a0000 - 0x6db4c000 	C:\Program Files\Java\jdk1.6.0_23\jre\bin\client\jvm.dll
0x77410000 - 0x774d9000 	C:\Windows\system32\USER32.dll
0x75dc0000 - 0x75e0e000 	C:\Windows\system32\GDI32.dll
0x75b40000 - 0x75b4a000 	C:\Windows\system32\LPK.dll
0x76010000 - 0x760ad000 	C:\Windows\system32\USP10.dll
0x74320000 - 0x74352000 	C:\Windows\system32\WINMM.dll
0x76170000 - 0x7618f000 	C:\Windows\system32\IMM32.DLL
0x774e0000 - 0x775ac000 	C:\Windows\system32\MSCTF.dll
0x75600000 - 0x7564b000 	C:\Windows\system32\apphelp.dll
0x6d850000 - 0x6d85c000 	C:\Program Files\Java\jdk1.6.0_23\jre\bin\verify.dll
0x6d3d0000 - 0x6d3ef000 	C:\Program Files\Java\jdk1.6.0_23\jre\bin\java.dll
0x6d330000 - 0x6d338000 	C:\Program Files\Java\jdk1.6.0_23\jre\bin\hpi.dll
0x75b30000 - 0x75b35000 	C:\Windows\system32\PSAPI.DLL
0x6d890000 - 0x6d89f000 	C:\Program Files\Java\jdk1.6.0_23\jre\bin\zip.dll
0x6d0b0000 - 0x6d1fa000 	C:\Program Files\Java\jdk1.6.0_23\jre\bin\awt.dll
0x74360000 - 0x743b1000 	C:\Windows\system32\WINSPOOL.DRV
0x77030000 - 0x7718c000 	C:\Windows\system32\ole32.dll
0x74730000 - 0x748ce000 	C:\Windows\WinSxS\x86_microsoft.windows.common-controls_6595b64144ccf1df_6.0.7600.16385_none_421189da2b7fabfc\COMCTL32.dll
0x76f80000 - 0x76fd7000 	C:\Windows\system32\SHLWAPI.dll
0x73f50000 - 0x73f63000 	C:\Windows\system32\DWMAPI.DLL
0x742d0000 - 0x74310000 	C:\Windows\system32\uxtheme.dll
0x10000000 - 0x10331000 	C:\Program Files\GIGABYTE\GIGABYTE OC_GURU II\GvOsd.dll
0x6b9d0000 - 0x6badf000 	C:\Windows\WinSxS\x86_microsoft.vc80.mfc_1fc8b3b9a1e18e3b_8.0.50727.4053_none_cbf21254470d8752\MFC80U.DLL
0x6cad0000 - 0x6cb6b000 	C:\Windows\WinSxS\x86_microsoft.vc80.crt_1fc8b3b9a1e18e3b_8.0.50727.4927_none_d08a205e442db5b5\MSVCR80.dll
0x00570000 - 0x00578000 	C:\Program Files\GIGABYTE\GIGABYTE OC_GURU II\GvKm.dll
0x041a0000 - 0x0420e000 	C:\Program Files\GIGABYTE\GIGABYTE OC_GURU II\GVDisplay.dll
0x76330000 - 0x76f79000 	C:\Windows\system32\SHELL32.dll
0x77270000 - 0x7740d000 	C:\Windows\system32\SETUPAPI.dll
0x75810000 - 0x75837000 	C:\Windows\system32\CFGMGR32.dll
0x75d30000 - 0x75dbf000 	C:\Windows\system32\OLEAUT32.dll
0x758c0000 - 0x758d2000 	C:\Windows\system32\DEVOBJ.dll
0x6b9a0000 - 0x6b9c1000 	C:\Windows\system32\MSVFW32.dll
0x73790000 - 0x7379e000 	C:\Windows\WinSxS\x86_microsoft.vc80.mfcloc_1fc8b3b9a1e18e3b_8.0.50727.4053_none_03ca5532205cb096\MFC80ENU.DLL
0x75650000 - 0x7565c000 	C:\Windows\system32\CRYPTBASE.dll
0x6d2e0000 - 0x6d32f000 	C:\Program Files\Java\jdk1.6.0_23\jre\bin\fontmanager.dll
0x74bc0000 - 0x74bc9000 	C:\Windows\system32\VERSION.dll
0x75890000 - 0x758bd000 	C:\Windows\system32\WINTRUST.dll
0x758e0000 - 0x759fc000 	C:\Windows\system32\CRYPT32.dll
0x75770000 - 0x7577c000 	C:\Windows\system32\MSASN1.dll
0x6f3b0000 - 0x6f494000 	C:\Windows\system32\aticfx32.dll
0x64770000 - 0x6477b000 	C:\Windows\system32\atiu9pag.dll
0x618d0000 - 0x61ec2000 	C:\Windows\system32\atiumdag.dll
0x62030000 - 0x624cd000 	C:\Windows\system32\atiumdva.dll
0x6d6b0000 - 0x6d6c3000 	C:\Program Files\Java\jdk1.6.0_23\jre\bin\net.dll
0x75af0000 - 0x75b25000 	C:\Windows\system32\WS2_32.dll
0x760b0000 - 0x760b6000 	C:\Windows\system32\NSI.dll
0x75140000 - 0x7517c000 	C:\Windows\system32\mswsock.dll
0x75130000 - 0x75136000 	C:\Windows\System32\wship6.dll
0x6d6d0000 - 0x6d6d9000 	C:\Program Files\Java\jdk1.6.0_23\jre\bin\nio.dll
0x6d250000 - 0x6d273000 	C:\Program Files\Java\jdk1.6.0_23\jre\bin\dcpr.dll
0x75a00000 - 0x75a83000 	C:\Windows\system32\CLBCatQ.DLL
0x07d40000 - 0x07d86000 	D:\Softs\UNIKEY 2009\UKHook40.dll
0x75180000 - 0x75196000 	C:\Windows\system32\CRYPTSP.dll
0x74f20000 - 0x74f5b000 	C:\Windows\system32\rsaenh.dll
0x756f0000 - 0x756fe000 	C:\Windows\system32\RpcRtRemote.dll

VM Arguments:
jvm_args: -Dfile.encoding=UTF-8 
java_command: chat.ServerChat
Launcher Type: SUN_STANDARD

Environment Variables:
PATH=C:\Program Files\AMD APP\bin\x86;C:\Windows\system32;C:\Windows;C:\Windows\System32\Wbem;C:\Windows\System32\WindowsPowerShell\v1.0\;C:\Program Files\ATI Technologies\ATI.ACE\Core-Static
USERNAME=vdduy
OS=Windows_NT
PROCESSOR_IDENTIFIER=x86 Family 6 Model 42 Stepping 7, GenuineIntel



---------------  S Y S T E M  ---------------

OS: Windows 7 Build 7600 

CPU:total 4 (4 cores per cpu, 1 threads per core) family 6 model 42 stepping 7, cmov, cx8, fxsr, mmx, sse, sse2, sse3, ssse3, sse4.1, sse4.2, popcnt

Memory: 4k page, physical 3647804k(2279196k free), swap 7293844k(5061728k free)

vm_info: Java HotSpot(TM) Client VM (19.0-b09) for windows-x86 JRE (1.6.0_23-b05), built on Nov 12 2010 15:00:43 by "java_re" with MS VC++ 7.1 (VS2003)

time: Thu Nov 08 04:45:23 2012
elapsed time: 11 seconds

